This is XeTeX, Version 3.14159265-2.6-0.99996 (TeX Live 2016/W32TeX) (preloaded format=xelatex 2016.11.3)  7 NOV 2016 21:04
entering extended mode
 restricted \write18 enabled.
 %&-line parsing enabled.
**./CDC.tex
(./CDC.tex
LaTeX2e <2016/03/31>
Babel <3.9r> and hyphenation patterns for 83 language(s) loaded.
(c:/texlive/2016/texmf-dist/tex/latex/base/article.cls
Document Class: article 2014/09/29 v1.4h Standard LaTeX document class
(c:/texlive/2016/texmf-dist/tex/latex/base/size12.clo
File: size12.clo 2014/09/29 v1.4h Standard LaTeX file (size option)
)
\c@part=\count79
\c@section=\count80
\c@subsection=\count81
\c@subsubsection=\count82
\c@paragraph=\count83
\c@subparagraph=\count84
\c@figure=\count85
\c@table=\count86
\abovecaptionskip=\skip41
\belowcaptionskip=\skip42
\bibindent=\dimen102
)
(c:/texlive/2016/texmf-dist/tex/latex/base/inputenc.sty
Package: inputenc 2015/03/17 v1.2c Input encoding file
\inpenc@prehook=\toks14
\inpenc@posthook=\toks15


Package inputenc Warning: inputenc package ignored with utf8 based engines.

) (c:/texlive/2016/texmf-dist/tex/generic/babel/babel.sty
Package: babel 2016/04/23 3.9r The Babel package

(c:/texlive/2016/texmf-dist/tex/generic/babel-french/frenchb.ldf
Language: frenchb 2016/05/14 v3.2c French support from the babel system

(c:/texlive/2016/texmf-dist/tex/generic/babel/babel.def
File: babel.def 2016/04/23 3.9r Babel common definitions
\babel@savecnt=\count87
\U@D=\dimen103

(c:/texlive/2016/texmf-dist/tex/generic/babel/xebabel.def))
\l@acadian = a dialect from \language\l@french 
\l@canadien = a dialect from \language\l@french 
\FB@nonchar=\count88
\FBcolonskip=\skip43
\FBthinskip=\skip44
Package frenchb.ldf Info: No need for active punctuation characters
(frenchb.ldf)             with this version of XeTeX!
(frenchb.ldf)             reported on input line 277.
\FB@punctthick=\XeTeXcharclass1
\FB@punctthin=\XeTeXcharclass2
\FB@punctnul=\XeTeXcharclass3
\FB@guilo=\XeTeXcharclass4
\FB@guilf=\XeTeXcharclass5
\FB@guilnul=\XeTeXcharclass6
\FBguillskip=\skip45
\FBguill@level=\count89
\FB@everypar=\toks16
\FB@Mht=\dimen104
LaTeX Info: Redefining \degres on input line 729.
\std@mcc=\count90
\dec@mcc=\count91
\listindentFB=\skip46
\labelwidthFB=\skip47
\leftmarginFB=\skip48
\parindentFFN=\dimen105
\FBfnindent=\skip49
))
(c:/texlive/2016/texmf-dist/tex/latex/carlisle/scalefnt.sty)
(c:/texlive/2016/texmf-dist/tex/latex/graphics/keyval.sty
Package: keyval 2014/10/28 v1.15 key=value parser (DPC)
\KV@toks@=\toks17
)
(c:/texlive/2016/texmf-dist/tex/latex/base/fontenc.sty
Package: fontenc 2005/09/27 v1.99g Standard LaTeX package

(c:/texlive/2016/texmf-dist/tex/latex/base/t1enc.def
File: t1enc.def 2005/09/27 v1.99g Standard LaTeX file
LaTeX Font Info:    Redeclaring font encoding T1 on input line 48.
))
(c:/texlive/2016/texmf-dist/tex/latex/tools/verbatim.sty
Package: verbatim 2014/10/28 v1.5q LaTeX2e package for verbatim enhancements
\every@verbatim=\toks18
\verbatim@line=\toks19
\verbatim@in@stream=\read1
)
(c:/texlive/2016/texmf-dist/tex/latex/graphics/graphicx.sty
Package: graphicx 2014/10/28 v1.0g Enhanced LaTeX Graphics (DPC,SPQR)

(c:/texlive/2016/texmf-dist/tex/latex/graphics/graphics.sty
Package: graphics 2016/05/09 v1.0r Standard LaTeX Graphics (DPC,SPQR)

(c:/texlive/2016/texmf-dist/tex/latex/graphics/trig.sty
Package: trig 2016/01/03 v1.10 sin cos tan (DPC)
)
(c:/texlive/2016/texmf-dist/tex/latex/graphics-cfg/graphics.cfg
File: graphics.cfg 2016/01/02 v1.10 sample graphics configuration
)
Package graphics Info: Driver file: xetex.def on input line 96.

(c:/texlive/2016/texmf-dist/tex/xelatex/xetex-def/xetex.def
File: xetex.def 2016/04/06 v4.08 LaTeX color/graphics driver for XeTeX (TeX Liv
e/RRM/JK)

(c:/texlive/2016/texmf-dist/tex/generic/oberdiek/infwarerr.sty
Package: infwarerr 2016/05/16 v1.4 Providing info/warning/error messages (HO)
)
(c:/texlive/2016/texmf-dist/tex/generic/oberdiek/ltxcmds.sty
Package: ltxcmds 2016/05/16 v1.23 LaTeX kernel commands for general use (HO)
)))
\Gin@req@height=\dimen106
\Gin@req@width=\dimen107
)
(c:/texlive/2016/texmf-dist/tex/latex/listings/listings.sty
\lst@mode=\count92
\lst@gtempboxa=\box26
\lst@token=\toks20
\lst@length=\count93
\lst@currlwidth=\dimen108
\lst@column=\count94
\lst@pos=\count95
\lst@lostspace=\dimen109
\lst@width=\dimen110
\lst@newlines=\count96
\lst@lineno=\count97
\lst@maxwidth=\dimen111

(c:/texlive/2016/texmf-dist/tex/latex/listings/lstmisc.sty
File: lstmisc.sty 2015/06/04 1.6 (Carsten Heinz)
\c@lstnumber=\count98
\lst@skipnumbers=\count99
\lst@framebox=\box27
)
(c:/texlive/2016/texmf-dist/tex/latex/listings/listings.cfg
File: listings.cfg 2015/06/04 1.6 listings configuration
))
Package: listings 2015/06/04 1.6 (Carsten Heinz)

(c:/texlive/2016/texmf-dist/tex/latex/hyperref/hyperref.sty
Package: hyperref 2016/05/05 v6.83n Hypertext links for LaTeX

(c:/texlive/2016/texmf-dist/tex/generic/oberdiek/hobsub-hyperref.sty
Package: hobsub-hyperref 2016/05/16 v1.14 Bundle oberdiek, subset hyperref (HO)


(c:/texlive/2016/texmf-dist/tex/generic/oberdiek/hobsub-generic.sty
Package: hobsub-generic 2016/05/16 v1.14 Bundle oberdiek, subset generic (HO)
Package: hobsub 2016/05/16 v1.14 Construct package bundles (HO)
Package hobsub Info: Skipping package `infwarerr' (already loaded).
Package hobsub Info: Skipping package `ltxcmds' (already loaded).
Package: ifluatex 2016/05/16 v1.4 Provides the ifluatex switch (HO)
Package ifluatex Info: LuaTeX not detected.
Package: ifvtex 2016/05/16 v1.6 Detect VTeX and its facilities (HO)
Package ifvtex Info: VTeX not detected.
Package: intcalc 2016/05/16 v1.2 Expandable calculations with integers (HO)
Package: ifpdf 2016/05/14 v3.1 Provides the ifpdf switch
Package: etexcmds 2016/05/16 v1.6 Avoid name clashes with e-TeX commands (HO)
Package etexcmds Info: Could not find \expanded.
(etexcmds)             That can mean that you are not using pdfTeX 1.50 or
(etexcmds)             that some package has redefined \expanded.
(etexcmds)             In the latter case, load this package earlier.
Package: kvsetkeys 2016/05/16 v1.17 Key value parser (HO)
Package: kvdefinekeys 2016/05/16 v1.4 Define keys (HO)
Package: pdftexcmds 2016/05/10 v0.21 Utility functions of pdfTeX for LuaTeX (HO
)
Package pdftexcmds Info: LuaTeX not detected.
Package pdftexcmds Info: pdfTeX >= 1.30 not detected.
Package pdftexcmds Info: \pdf@primitive is available.
Package pdftexcmds Info: \pdf@ifprimitive is available.
Package pdftexcmds Info: \pdfdraftmode not found.
Package: pdfescape 2016/05/16 v1.14 Implements pdfTeX's escape features (HO)
Package: bigintcalc 2016/05/16 v1.4 Expandable calculations on big integers (HO
)
Package: bitset 2016/05/16 v1.2 Handle bit-vector datatype (HO)
Package: uniquecounter 2016/05/16 v1.3 Provide unlimited unique counter (HO)
)
Package hobsub Info: Skipping package `hobsub' (already loaded).
Package: letltxmacro 2016/05/16 v1.5 Let assignment for LaTeX macros (HO)
Package: hopatch 2016/05/16 v1.3 Wrapper for package hooks (HO)
Package: xcolor-patch 2016/05/16 xcolor patch
Package: atveryend 2016/05/16 v1.9 Hooks at the very end of document (HO)
Package atveryend Info: \enddocument detected (standard20110627).
Package: atbegshi 2016/05/16 v1.17 At begin shipout hook (HO)
Package: refcount 2016/05/16 v3.5 Data extraction from label references (HO)
Package: hycolor 2016/05/16 v1.8 Color options for hyperref/bookmark (HO)
)
(c:/texlive/2016/texmf-dist/tex/generic/ifxetex/ifxetex.sty
Package: ifxetex 2010/09/12 v0.6 Provides ifxetex conditional
)
(c:/texlive/2016/texmf-dist/tex/latex/oberdiek/auxhook.sty
Package: auxhook 2016/05/16 v1.4 Hooks for auxiliary files (HO)
)
(c:/texlive/2016/texmf-dist/tex/latex/oberdiek/kvoptions.sty
Package: kvoptions 2016/05/16 v3.12 Key value format for package options (HO)
)
\@linkdim=\dimen112
\Hy@linkcounter=\count100
\Hy@pagecounter=\count101

(c:/texlive/2016/texmf-dist/tex/latex/hyperref/pd1enc.def
File: pd1enc.def 2016/05/05 v6.83n Hyperref: PDFDocEncoding definition (HO)
)
\Hy@SavedSpaceFactor=\count102

(c:/texlive/2016/texmf-dist/tex/latex/latexconfig/hyperref.cfg
File: hyperref.cfg 2002/06/06 v1.2 hyperref configuration of TeXLive
)
Package hyperref Info: Hyper figures OFF on input line 4446.
Package hyperref Info: Link nesting OFF on input line 4451.
Package hyperref Info: Hyper index ON on input line 4454.
Package hyperref Info: Plain pages OFF on input line 4461.
Package hyperref Info: Backreferencing OFF on input line 4466.
Package hyperref Info: Implicit mode ON; LaTeX internals redefined.
Package hyperref Info: Bookmarks ON on input line 4691.
\c@Hy@tempcnt=\count103

(c:/texlive/2016/texmf-dist/tex/latex/url/url.sty
\Urlmuskip=\muskip10
Package: url 2013/09/16  ver 3.4  Verb mode for urls, etc.
)
LaTeX Info: Redefining \url on input line 5044.
\XeTeXLinkMargin=\dimen113
\Fld@menulength=\count104
\Field@Width=\dimen114
\Fld@charsize=\dimen115
Package hyperref Info: Hyper figures OFF on input line 6298.
Package hyperref Info: Link nesting OFF on input line 6303.
Package hyperref Info: Hyper index ON on input line 6306.
Package hyperref Info: backreferencing OFF on input line 6313.
Package hyperref Info: Link coloring OFF on input line 6318.
Package hyperref Info: Link coloring with OCG OFF on input line 6323.
Package hyperref Info: PDF/A mode OFF on input line 6328.
LaTeX Info: Redefining \ref on input line 6368.
LaTeX Info: Redefining \pageref on input line 6372.
\Hy@abspage=\count105
\c@Item=\count106
\c@Hfootnote=\count107
)

Package hyperref Message: Driver (autodetected): hxetex.

(c:/texlive/2016/texmf-dist/tex/latex/hyperref/hxetex.def
File: hxetex.def 2016/05/05 v6.83n Hyperref driver for XeTeX

(c:/texlive/2016/texmf-dist/tex/latex/hyperref/puenc.def
File: puenc.def 2016/05/05 v6.83n Hyperref: PDF Unicode definition (HO)
)
(c:/texlive/2016/texmf-dist/tex/generic/oberdiek/stringenc.sty
Package: stringenc 2016/05/16 v1.11 Convert strings between diff. encodings (HO
)
)
\pdfm@box=\box28
\c@Hy@AnnotLevel=\count108
\HyField@AnnotCount=\count109
\Fld@listcount=\count110
\c@bookmark@seq@number=\count111

(c:/texlive/2016/texmf-dist/tex/latex/oberdiek/rerunfilecheck.sty
Package: rerunfilecheck 2016/05/16 v1.8 Rerun checks for auxiliary files (HO)
Package rerunfilecheck Info: Feature \pdfmdfivesum is not available
(rerunfilecheck)             (e.g. pdfTeX or LuaTeX with package `pdftexcmds').

(rerunfilecheck)             Therefore file contents cannot be checked efficien
tly
(rerunfilecheck)             and the loading of the package is aborted.
)
\Hy@SectionHShift=\skip50
)
(c:/texlive/2016/texmf-dist/tex/latex/lm/lmodern.sty
Package: lmodern 2009/10/30 v1.6 Latin Modern Fonts
LaTeX Font Info:    Overwriting symbol font `operators' in version `normal'
(Font)                  OT1/cmr/m/n --> OT1/lmr/m/n on input line 22.
LaTeX Font Info:    Overwriting symbol font `letters' in version `normal'
(Font)                  OML/cmm/m/it --> OML/lmm/m/it on input line 23.
LaTeX Font Info:    Overwriting symbol font `symbols' in version `normal'
(Font)                  OMS/cmsy/m/n --> OMS/lmsy/m/n on input line 24.
LaTeX Font Info:    Overwriting symbol font `largesymbols' in version `normal'
(Font)                  OMX/cmex/m/n --> OMX/lmex/m/n on input line 25.
LaTeX Font Info:    Overwriting symbol font `operators' in version `bold'
(Font)                  OT1/cmr/bx/n --> OT1/lmr/bx/n on input line 26.
LaTeX Font Info:    Overwriting symbol font `letters' in version `bold'
(Font)                  OML/cmm/b/it --> OML/lmm/b/it on input line 27.
LaTeX Font Info:    Overwriting symbol font `symbols' in version `bold'
(Font)                  OMS/cmsy/b/n --> OMS/lmsy/b/n on input line 28.
LaTeX Font Info:    Overwriting symbol font `largesymbols' in version `bold'
(Font)                  OMX/cmex/m/n --> OMX/lmex/m/n on input line 29.
LaTeX Font Info:    Overwriting math alphabet `\mathbf' in version `normal'
(Font)                  OT1/cmr/bx/n --> OT1/lmr/bx/n on input line 31.
LaTeX Font Info:    Overwriting math alphabet `\mathsf' in version `normal'
(Font)                  OT1/cmss/m/n --> OT1/lmss/m/n on input line 32.
LaTeX Font Info:    Overwriting math alphabet `\mathit' in version `normal'
(Font)                  OT1/cmr/m/it --> OT1/lmr/m/it on input line 33.
LaTeX Font Info:    Overwriting math alphabet `\mathtt' in version `normal'
(Font)                  OT1/cmtt/m/n --> OT1/lmtt/m/n on input line 34.
LaTeX Font Info:    Overwriting math alphabet `\mathbf' in version `bold'
(Font)                  OT1/cmr/bx/n --> OT1/lmr/bx/n on input line 35.
LaTeX Font Info:    Overwriting math alphabet `\mathsf' in version `bold'
(Font)                  OT1/cmss/bx/n --> OT1/lmss/bx/n on input line 36.
LaTeX Font Info:    Overwriting math alphabet `\mathit' in version `bold'
(Font)                  OT1/cmr/bx/it --> OT1/lmr/bx/it on input line 37.
LaTeX Font Info:    Overwriting math alphabet `\mathtt' in version `bold'
(Font)                  OT1/cmtt/m/n --> OT1/lmtt/m/n on input line 38.
)
(c:/texlive/2016/texmf-dist/tex/latex/base/textcomp.sty
Package: textcomp 2005/09/27 v1.99g Standard LaTeX package
Package textcomp Info: Sub-encoding information:
(textcomp)               5 = only ISO-Adobe without \textcurrency
(textcomp)               4 = 5 + \texteuro
(textcomp)               3 = 4 + \textohm
(textcomp)               2 = 3 + \textestimated + \textcurrency
(textcomp)               1 = TS1 - \textcircled - \t
(textcomp)               0 = TS1 (full)
(textcomp)             Font families with sub-encoding setting implement
(textcomp)             only a restricted character set as indicated.
(textcomp)             Family '?' is the default used for unknown fonts.
(textcomp)             See the documentation for details.
Package textcomp Info: Setting ? sub-encoding to TS1/1 on input line 79.

(c:/texlive/2016/texmf-dist/tex/latex/base/ts1enc.def
File: ts1enc.def 2001/06/05 v3.0e (jk/car/fm) Standard LaTeX file
)
LaTeX Info: Redefining \oldstylenums on input line 334.
Package textcomp Info: Setting cmr sub-encoding to TS1/0 on input line 349.
Package textcomp Info: Setting cmss sub-encoding to TS1/0 on input line 350.
Package textcomp Info: Setting cmtt sub-encoding to TS1/0 on input line 351.
Package textcomp Info: Setting cmvtt sub-encoding to TS1/0 on input line 352.
Package textcomp Info: Setting cmbr sub-encoding to TS1/0 on input line 353.
Package textcomp Info: Setting cmtl sub-encoding to TS1/0 on input line 354.
Package textcomp Info: Setting ccr sub-encoding to TS1/0 on input line 355.
Package textcomp Info: Setting ptm sub-encoding to TS1/4 on input line 356.
Package textcomp Info: Setting pcr sub-encoding to TS1/4 on input line 357.
Package textcomp Info: Setting phv sub-encoding to TS1/4 on input line 358.
Package textcomp Info: Setting ppl sub-encoding to TS1/3 on input line 359.
Package textcomp Info: Setting pag sub-encoding to TS1/4 on input line 360.
Package textcomp Info: Setting pbk sub-encoding to TS1/4 on input line 361.
Package textcomp Info: Setting pnc sub-encoding to TS1/4 on input line 362.
Package textcomp Info: Setting pzc sub-encoding to TS1/4 on input line 363.
Package textcomp Info: Setting bch sub-encoding to TS1/4 on input line 364.
Package textcomp Info: Setting put sub-encoding to TS1/5 on input line 365.
Package textcomp Info: Setting uag sub-encoding to TS1/5 on input line 366.
Package textcomp Info: Setting ugq sub-encoding to TS1/5 on input line 367.
Package textcomp Info: Setting ul8 sub-encoding to TS1/4 on input line 368.
Package textcomp Info: Setting ul9 sub-encoding to TS1/4 on input line 369.
Package textcomp Info: Setting augie sub-encoding to TS1/5 on input line 370.
Package textcomp Info: Setting dayrom sub-encoding to TS1/3 on input line 371.
Package textcomp Info: Setting dayroms sub-encoding to TS1/3 on input line 372.

Package textcomp Info: Setting pxr sub-encoding to TS1/0 on input line 373.
Package textcomp Info: Setting pxss sub-encoding to TS1/0 on input line 374.
Package textcomp Info: Setting pxtt sub-encoding to TS1/0 on input line 375.
Package textcomp Info: Setting txr sub-encoding to TS1/0 on input line 376.
Package textcomp Info: Setting txss sub-encoding to TS1/0 on input line 377.
Package textcomp Info: Setting txtt sub-encoding to TS1/0 on input line 378.
Package textcomp Info: Setting lmr sub-encoding to TS1/0 on input line 379.
Package textcomp Info: Setting lmdh sub-encoding to TS1/0 on input line 380.
Package textcomp Info: Setting lmss sub-encoding to TS1/0 on input line 381.
Package textcomp Info: Setting lmssq sub-encoding to TS1/0 on input line 382.
Package textcomp Info: Setting lmvtt sub-encoding to TS1/0 on input line 383.
Package textcomp Info: Setting lmtt sub-encoding to TS1/0 on input line 384.
Package textcomp Info: Setting qhv sub-encoding to TS1/0 on input line 385.
Package textcomp Info: Setting qag sub-encoding to TS1/0 on input line 386.
Package textcomp Info: Setting qbk sub-encoding to TS1/0 on input line 387.
Package textcomp Info: Setting qcr sub-encoding to TS1/0 on input line 388.
Package textcomp Info: Setting qcs sub-encoding to TS1/0 on input line 389.
Package textcomp Info: Setting qpl sub-encoding to TS1/0 on input line 390.
Package textcomp Info: Setting qtm sub-encoding to TS1/0 on input line 391.
Package textcomp Info: Setting qzc sub-encoding to TS1/0 on input line 392.
Package textcomp Info: Setting qhvc sub-encoding to TS1/0 on input line 393.
Package textcomp Info: Setting futs sub-encoding to TS1/4 on input line 394.
Package textcomp Info: Setting futx sub-encoding to TS1/4 on input line 395.
Package textcomp Info: Setting futj sub-encoding to TS1/4 on input line 396.
Package textcomp Info: Setting hlh sub-encoding to TS1/3 on input line 397.
Package textcomp Info: Setting hls sub-encoding to TS1/3 on input line 398.
Package textcomp Info: Setting hlst sub-encoding to TS1/3 on input line 399.
Package textcomp Info: Setting hlct sub-encoding to TS1/5 on input line 400.
Package textcomp Info: Setting hlx sub-encoding to TS1/5 on input line 401.
Package textcomp Info: Setting hlce sub-encoding to TS1/5 on input line 402.
Package textcomp Info: Setting hlcn sub-encoding to TS1/5 on input line 403.
Package textcomp Info: Setting hlcw sub-encoding to TS1/5 on input line 404.
Package textcomp Info: Setting hlcf sub-encoding to TS1/5 on input line 405.
Package textcomp Info: Setting pplx sub-encoding to TS1/3 on input line 406.
Package textcomp Info: Setting pplj sub-encoding to TS1/3 on input line 407.
Package textcomp Info: Setting ptmx sub-encoding to TS1/4 on input line 408.
Package textcomp Info: Setting ptmj sub-encoding to TS1/4 on input line 409.
) (./CDC.aux)
\openout1 = `CDC.aux'.

LaTeX Font Info:    Checking defaults for OML/cmm/m/it on input line 28.
LaTeX Font Info:    ... okay on input line 28.
LaTeX Font Info:    Checking defaults for T1/cmr/m/n on input line 28.
LaTeX Font Info:    ... okay on input line 28.
LaTeX Font Info:    Checking defaults for OT1/cmr/m/n on input line 28.
LaTeX Font Info:    ... okay on input line 28.
LaTeX Font Info:    Checking defaults for OMS/cmsy/m/n on input line 28.
LaTeX Font Info:    ... okay on input line 28.
LaTeX Font Info:    Checking defaults for OMX/cmex/m/n on input line 28.
LaTeX Font Info:    ... okay on input line 28.
LaTeX Font Info:    Checking defaults for U/cmr/m/n on input line 28.
LaTeX Font Info:    ... okay on input line 28.
LaTeX Font Info:    Checking defaults for PD1/pdf/m/n on input line 28.
LaTeX Font Info:    ... okay on input line 28.
LaTeX Font Info:    Checking defaults for PU/pdf/m/n on input line 28.
LaTeX Font Info:    ... okay on input line 28.
LaTeX Font Info:    Checking defaults for TS1/cmr/m/n on input line 28.
LaTeX Font Info:    Try loading font information for TS1+cmr on input line 28.

(c:/texlive/2016/texmf-dist/tex/latex/base/ts1cmr.fd
File: ts1cmr.fd 2014/09/29 v2.5h Standard LaTeX font definitions
)
LaTeX Font Info:    ... okay on input line 28.
LaTeX Font Info:    Try loading font information for T1+lmr on input line 28.

(c:/texlive/2016/texmf-dist/tex/latex/lm/t1lmr.fd
File: t1lmr.fd 2009/10/30 v1.6 Font defs for Latin Modern
)
LaTeX Info: Redefining \dots on input line 28.
LaTeX Info: Redefining \up on input line 28.


Package frenchb.ldf Warning: Add \usepackage{fontspec} to the
(frenchb.ldf)                preamble of your document, on input line 28.

\c@lstlisting=\count112
\AtBeginShipoutBox=\box29
Package hyperref Info: Link coloring OFF on input line 28.
(c:/texlive/2016/texmf-dist/tex/latex/hyperref/nameref.sty
Package: nameref 2012/10/27 v2.43 Cross-referencing by name of section

(c:/texlive/2016/texmf-dist/tex/generic/oberdiek/gettitlestring.sty
Package: gettitlestring 2016/05/16 v1.5 Cleanup title references (HO)
)
\c@section@level=\count113
)
LaTeX Info: Redefining \ref on input line 28.
LaTeX Info: Redefining \pageref on input line 28.
LaTeX Info: Redefining \nameref on input line 28.

(./CDC.out) (./CDC.out)
\@outlinefile=\write3
\openout3 = `CDC.out'.

LaTeX Font Info:    Try loading font information for OT1+lmr on input line 30.
 (c:/texlive/2016/texmf-dist/tex/latex/lm/ot1lmr.fd
File: ot1lmr.fd 2009/10/30 v1.6 Font defs for Latin Modern
)
LaTeX Font Info:    Try loading font information for OML+lmm on input line 30.

(c:/texlive/2016/texmf-dist/tex/latex/lm/omllmm.fd
File: omllmm.fd 2009/10/30 v1.6 Font defs for Latin Modern
)
LaTeX Font Info:    Try loading font information for OMS+lmsy on input line 30.


(c:/texlive/2016/texmf-dist/tex/latex/lm/omslmsy.fd
File: omslmsy.fd 2009/10/30 v1.6 Font defs for Latin Modern
)
LaTeX Font Info:    Try loading font information for OMX+lmex on input line 30.


(c:/texlive/2016/texmf-dist/tex/latex/lm/omxlmex.fd
File: omxlmex.fd 2009/10/30 v1.6 Font defs for Latin Modern
)
LaTeX Font Info:    External font `lmex10' loaded for size
(Font)              <14.4> on input line 30.
LaTeX Font Info:    External font `lmex10' loaded for size
(Font)              <10> on input line 30.
LaTeX Font Info:    External font `lmex10' loaded for size
(Font)              <7> on input line 30.
File: img/Logo_ESILV.jpeg Graphic file (type QTm)

<use  "img/Logo_ESILV.jpeg" >
(c:/texlive/2016/texmf-dist/tex/generic/oberdiek/se-ascii-print.def
File: se-ascii-print.def 2016/05/16 v1.11 stringenc: Printable ASCII characters

) [1

]
LaTeX Font Info:    External font `lmex10' loaded for size
(Font)              <12> on input line 91.
LaTeX Font Info:    External font `lmex10' loaded for size
(Font)              <8> on input line 91.
LaTeX Font Info:    External font `lmex10' loaded for size
(Font)              <6> on input line 91.

[2]
Missing character: There is no ’ in font ec-lmr12!
Missing character: There is no ’ in font ec-lmr12!
Missing character: There is no ’ in font ec-lmr12!
 [3] [4]
Underfull \hbox (badness 10000) in paragraph at lines 227--231

 []


Underfull \hbox (badness 10000) in paragraph at lines 227--231

 []

[5] [6]
File: img/img.jpeg Graphic file (type QTm)
 <use  "img/img.jpeg" > [7]
File: img/archi_1.png Graphic file (type QTm)
 <use  "img/archi_1.png" >
File: img/robo_test.png Graphic file (type QTm)

<use  "img/robo_test.png" >

LaTeX Warning: `!h' float specifier changed to `!ht'.

LaTeX Font Info:    Try loading font information for T1+lmtt on input line 330.

(c:/texlive/2016/texmf-dist/tex/latex/lm/t1lmtt.fd
File: t1lmtt.fd 2009/10/30 v1.6 Font defs for Latin Modern
) [8]
File: img/table.jpg Graphic file (type QTm)

<use  "img/table.jpg" >

LaTeX Warning: `!h' float specifier changed to `!ht'.

[9] [10]
Missing character: There is no œ in font ec-lmr12!
 [11]
File: img/robot_con.jpg Graphic file (type QTm)
 <use  "img/robot_con.jpg" >
Overfull \hbox (2.50621pt too wide) in paragraph at lines 448--450
[]\T1/lmr/m/n/12 31/12 : (Dead-line) Ins-crip-tion sur le site Pool-zor (http :
//www.planete-
 []

[12]
Overfull \hbox (3.26141pt too wide) in paragraph at lines 469--470
[]\T1/lmr/m/n/12 01/06 : Jour-née pro-jets ( pré-sen-ta-tion des pro-jets de to
utes les équipes). 
 []

Package atveryend Info: Empty hook `BeforeClearDocument' on input line 473.
[13]
Package atveryend Info: Empty hook `AfterLastShipout' on input line 473.
 (./CDC.aux)
Package atveryend Info: Empty hook `AtVeryEndDocument' on input line 473.
Package atveryend Info: Empty hook `AtEndAfterFileList' on input line 473.
Package atveryend Info: Empty hook `AtVeryVeryEnd' on input line 473.
 ) 
Here is how much of TeX's memory you used:
 10864 strings out of 493591
 155142 string characters out of 6146794
 224346 words of memory out of 5000000
 14167 multiletter control sequences out of 15000+600000
 57018 words of font info for 47 fonts, out of 8000000 for 9000
 1347 hyphenation exceptions out of 8191
 29i,6n,45p,238b,450s stack positions out of 5000i,500n,10000p,200000b,80000s

Output written on CDC.pdf (13 pages).
